Arguments: 
  /usr/local/bin/node /usr/local/bin/yarn firefox

PATH: 
  /usr/local/bin:/usr/bin:/bin:/usr/sbin:/sbin:/usr/local/share/dotnet:~/.dotnet/tools:/Library/Frameworks/Mono.framework/Versions/Current/Commands

Yarn version: 
  1.22.17

Node version: 
  16.13.0

Platform: 
  darwin x64

Trace: 
  SyntaxError: /Users/ammarahnizamuddin/cypressdemo/package.json: Unexpected token } in JSON at position 309
      at JSON.parse (<anonymous>)
      at /usr/local/lib/node_modules/yarn/lib/cli.js:1625:59
      at Generator.next (<anonymous>)
      at step (/usr/local/lib/node_modules/yarn/lib/cli.js:310:30)
      at /usr/local/lib/node_modules/yarn/lib/cli.js:321:13

npm manifest: 
  {
      "name": "cypressdemo",
      "version": "1.0.0",
      "description": "",
      "main": "index.js",
      "scripts": {
          "test": "yarn cypress run",
          "browser": "yarn cypress open",
          "chrome": "yarn cypress run --browser chrome",
          "firefox": "yarn cypress run --browser firefox",
      },
      "author": "",
      "license": "ISC",
      "devDependencies": {
          "cypress": "^9.1.0"
      }
  }

yarn manifest: 
  No manifest

Lockfile: 
  No lockfile
